----------------------------------------
Begin Torque Prologue on nid27636
at Wed Oct 24 14:03:43 CDT 2018
Job Id:			9140332.bw
Username:		tra437
Group:			TRAIN_bauh
Job name:		ACG
Requested resources:	nodes=1:ppn=16:xk,walltime=45:00:00,neednodes=1:ppn=16:xk
Queue:			normal
Account:		bauh
End Torque Prologue:  0.174 elapsed
----------------------------------------




Files already downloaded and verified
Epoch 0: f_s: 0.768703, r_s: 0.371848, r_c: 1.530276, f_c: 2.114936, train_acc: 2.3925%
Epoch 0: test_acc: 32.7037%, epoch_time: 540.97
0
1
2
3
4
5
6
7
8
9
10
11
12
13
14
15
16
17
18
19
20
21
22
23
24
25
26
27
28
29
30
31
32
33
34
35
36
37
38
39
40
41
42
43
44
45
46
47
48
49
50
51
52
53
54
55
56
57
58
59
60
61
62
63
64
65
66
67
68
69
70
71
72
73
74
75
76
77
78
79
80
81
82
83
84
85
86
87
88
89
90
91
92
93
94
95
96
97
98
99
Epoch 1: f_s: 0.306450, r_s: 1.096676, r_c: 1.576229, f_c: 1.873612, train_acc: 1.3160%
Epoch 1: test_acc: 36.3331%, epoch_time: 534.44
Epoch 2: f_s: 0.231858, r_s: 0.578642, r_c: 1.017422, f_c: 1.729193, train_acc: 0.5341%
Epoch 2: test_acc: 39.9328%, epoch_time: 534.68
Epoch 3: f_s: 0.205338, r_s: -0.287195, r_c: 0.151357, f_c: 1.608275, train_acc: 0.4531%
Epoch 3: test_acc: 47.4189%, epoch_time: 534.62
Epoch 4: f_s: 0.192639, r_s: -1.111936, r_c: -0.692482, f_c: 1.510247, train_acc: 0.4200%
Epoch 4: test_acc: 51.2263%, epoch_time: 534.50
Epoch 5: f_s: 0.175536, r_s: -1.593390, r_c: -1.185651, f_c: 1.435967, train_acc: 0.4018%
Epoch 5: test_acc: 53.1052%, epoch_time: 534.65
0
1
2
3
4
5
6
7
8
9
10
11
12
13
14
15
16
17
18
19
20
21
22
23
24
25
26
27
28
29
30
31
32
33
34
35
36
37
38
39
40
41
42
43
44
45
46
47
48
49
50
51
52
53
54
55
56
57
58
59
60
61
62
63
64
65
66
67
68
69
70
71
72
73
74
75
76
77
78
79
80
81
82
83
84
85
86
87
88
89
90
91
92
93
94
95
96
97
98
99
Epoch 6: f_s: 0.171227, r_s: -2.064718, r_c: -1.662354, f_c: 1.364863, train_acc: 0.3736%
Epoch 6: test_acc: 55.9335%, epoch_time: 534.73
Epoch 7: f_s: 0.161081, r_s: -2.391728, r_c: -1.990650, f_c: 1.315532, train_acc: 0.3530%
Epoch 7: test_acc: 54.9941%, epoch_time: 534.72
Epoch 8: f_s: 0.154320, r_s: -2.604265, r_c: -2.205626, f_c: 1.255778, train_acc: 0.3334%
Epoch 8: test_acc: 56.9422%, epoch_time: 534.67
Epoch 9: f_s: 0.149131, r_s: -2.981506, r_c: -2.561516, f_c: 1.209606, train_acc: 0.3114%
Epoch 9: test_acc: 59.0190%, epoch_time: 534.65
Epoch 10: f_s: 0.144102, r_s: -3.255239, r_c: -2.842137, f_c: 1.176737, train_acc: 0.2950%
Epoch 10: test_acc: 60.8881%, epoch_time: 534.70
0
1
2
3
4
5
6
7
8
9
10
11
12
13
14
15
16
17
18
19
20
21
22
23
24
25
26
27
28
29
30
31
32
33
34
35
36
37
38
39
40
41
42
43
44
45
46
47
48
49
50
51
52
53
54
55
56
57
58
59
60
61
62
63
64
65
66
67
68
69
70
71
72
73
74
75
76
77
78
79
80
81
82
83
84
85
86
87
88
89
90
91
92
93
94
95
96
97
98
99
Epoch 11: f_s: 0.146093, r_s: -3.472860, r_c: -3.064782, f_c: 1.142163, train_acc: 0.2861%
Epoch 11: test_acc: 62.2627%, epoch_time: 538.41
Epoch 12: f_s: 0.143517, r_s: -3.662581, r_c: -3.256353, f_c: 1.107188, train_acc: 0.2734%
Epoch 12: test_acc: 61.9165%, epoch_time: 534.67
Epoch 13: f_s: 0.138904, r_s: -3.802383, r_c: -3.378834, f_c: 1.071927, train_acc: 0.2666%
Epoch 13: test_acc: 63.1230%, epoch_time: 534.86
Epoch 14: f_s: 0.138433, r_s: -3.891504, r_c: -3.469993, f_c: 1.048744, train_acc: 0.2509%
Epoch 14: test_acc: 63.8647%, epoch_time: 534.94
Epoch 15: f_s: 0.134850, r_s: -4.249942, r_c: -3.830022, f_c: 1.022950, train_acc: 0.2420%
Epoch 15: test_acc: 62.2231%, epoch_time: 534.98
0
1
2
3
4
5
6
7
8
9
10
11
12
13
14
15
16
17
18
19
20
21
22
23
24
25
26
27
28
29
30
31
32
33
34
35
36
37
38
39
40
41
42
43
44
45
46
47
48
49
50
51
52
53
54
55
56
57
58
59
60
61
62
63
64
65
66
67
68
69
70
71
72
73
74
75
76
77
78
79
80
81
82
83
84
85
86
87
88
89
90
91
92
93
94
95
96
97
98
99
Epoch 16: f_s: 0.131568, r_s: -4.052300, r_c: -3.630885, f_c: 1.000884, train_acc: 0.2269%
Epoch 16: test_acc: 65.3877%, epoch_time: 534.64
Epoch 17: f_s: 0.133914, r_s: -4.341817, r_c: -3.916180, f_c: 0.973783, train_acc: 0.2257%
Epoch 17: test_acc: 66.4161%, epoch_time: 534.72
Epoch 18: f_s: 0.128288, r_s: -4.241686, r_c: -3.828359, f_c: 0.953149, train_acc: 0.2217%
Epoch 18: test_acc: 68.0281%, epoch_time: 534.57
Epoch 19: f_s: 0.123995, r_s: -4.297184, r_c: -3.878441, f_c: 0.931823, train_acc: 0.2134%
Epoch 19: test_acc: 64.5669%, epoch_time: 534.51
Epoch 20: f_s: 0.124008, r_s: -4.295226, r_c: -3.876172, f_c: 0.912140, train_acc: 0.2056%
Epoch 20: test_acc: 68.3347%, epoch_time: 534.60
0
1
2
3
4
5
6
7
8
9
10
11
12
13
14
15
16
17
18
19
20
21
22
23
24
25
26
27
28
29
30
31
32
33
34
35
36
37
38
39
40
41
42
43
44
45
46
47
48
49
50
51
52
53
54
55
56
57
58
59
60
61
62
63
64
65
66
67
68
69
70
71
72
73
74
75
76
77
78
79
80
81
82
83
84
85
86
87
88
89
90
91
92
93
94
95
96
97
98
99
Epoch 21: f_s: 0.123718, r_s: -4.263903, r_c: -3.847319, f_c: 0.889082, train_acc: 0.1950%
Epoch 21: test_acc: 69.8873%, epoch_time: 534.71
Epoch 22: f_s: 0.120089, r_s: -4.258755, r_c: -3.847497, f_c: 0.879487, train_acc: 0.1974%
Epoch 22: test_acc: 69.3829%, epoch_time: 534.86
Epoch 23: f_s: 0.123107, r_s: -4.334918, r_c: -3.928093, f_c: 0.863015, train_acc: 0.1910%
Epoch 23: test_acc: 69.2049%, epoch_time: 534.56
Epoch 24: f_s: 0.119635, r_s: -4.335834, r_c: -3.924894, f_c: 0.843534, train_acc: 0.1856%
Epoch 24: test_acc: 71.2619%, epoch_time: 534.69
Epoch 25: f_s: 0.116159, r_s: -4.318083, r_c: -3.913069, f_c: 0.836850, train_acc: 0.1819%
Epoch 25: test_acc: 66.8315%, epoch_time: 534.54
0
1
2
3
4
5
6
7
8
9
10
11
12
13
14
15
16
17
18
19
20
21
22
23
24
25
26
27
28
29
30
31
32
33
34
35
36
37
38
39
40
41
42
43
44
45
46
47
48
49
50
51
52
53
54
55
56
57
58
59
60
61
62
63
64
65
66
67
68
69
70
71
72
73
74
75
76
77
78
79
80
81
82
83
84
85
86
87
88
89
90
91
92
93
94
95
96
97
98
99
Epoch 26: f_s: 0.116253, r_s: -4.282803, r_c: -3.881331, f_c: 0.821820, train_acc: 0.1775%
Epoch 26: test_acc: 68.4632%, epoch_time: 534.70
Epoch 27: f_s: 0.112980, r_s: -4.314042, r_c: -3.914352, f_c: 0.805996, train_acc: 0.1758%
Epoch 27: test_acc: 69.3038%, epoch_time: 534.81
Epoch 28: f_s: 0.114139, r_s: -4.400452, r_c: -3.993044, f_c: 0.794277, train_acc: 0.1679%
Epoch 28: test_acc: 72.9628%, epoch_time: 534.98
Epoch 29: f_s: 0.111246, r_s: -4.431826, r_c: -4.027724, f_c: 0.777012, train_acc: 0.1675%
Epoch 29: test_acc: 71.5882%, epoch_time: 534.80
Epoch 30: f_s: 0.110722, r_s: -4.277767, r_c: -3.876048, f_c: 0.776724, train_acc: 0.1611%
Epoch 30: test_acc: 73.4672%, epoch_time: 534.74
0
1
2
3
4
5
6
7
8
9
10
11
12
13
14
15
16
17
18
19
20
21
22
23
24
25
26
27
28
29
30
31
32
33
34
35
36
37
38
39
40
41
42
43
44
45
46
47
48
49
50
51
52
53
54
55
56
57
58
59
60
61
62
63
64
65
66
67
68
69
70
71
72
73
74
75
76
77
78
79
80
81
82
83
84
85
86
87
88
89
90
91
92
93
94
95
96
97
98
99
Epoch 31: f_s: 0.109612, r_s: -4.351027, r_c: -3.947838, f_c: 0.759130, train_acc: 0.1632%
Epoch 31: test_acc: 73.3386%, epoch_time: 534.87
Epoch 32: f_s: 0.108603, r_s: -4.294468, r_c: -3.883111, f_c: 0.745879, train_acc: 0.1600%
Epoch 32: test_acc: 72.7749%, epoch_time: 535.15
Epoch 33: f_s: 0.107448, r_s: -4.266954, r_c: -3.860764, f_c: 0.739108, train_acc: 0.1571%
Epoch 33: test_acc: 74.6440%, epoch_time: 534.53
Epoch 34: f_s: 0.106959, r_s: -4.267399, r_c: -3.861260, f_c: 0.732802, train_acc: 0.1518%
Epoch 34: test_acc: 73.8924%, epoch_time: 534.89
Epoch 35: f_s: 0.105587, r_s: -4.330996, r_c: -3.919476, f_c: 0.718462, train_acc: 0.1505%
Epoch 35: test_acc: 74.1990%, epoch_time: 534.85
0
1
2
3
4
5
6
7
8
9
10
11
12
13
14
15
16
17
18
19
20
21
22
23
24
25
26
27
28
29
30
31
32
33
34
35
36
37
38
39
40
41
42
43
44
45
46
47
48
49
50
51
52
53
54
55
56
57
58
59
60
61
62
63
64
65
66
67
68
69
70
71
72
73
74
75
76
77
78
79
80
81
82
83
84
85
86
87
88
89
90
91
92
93
94
95
96
97
98
99
Epoch 36: f_s: 0.104805, r_s: -4.349754, r_c: -3.951718, f_c: 0.709463, train_acc: 0.1520%
Epoch 36: test_acc: 72.9331%, epoch_time: 534.85
Epoch 37: f_s: 0.104312, r_s: -4.315894, r_c: -3.921062, f_c: 0.697666, train_acc: 0.1458%
Epoch 37: test_acc: 70.2532%, epoch_time: 534.83
Epoch 38: f_s: 0.101044, r_s: -4.254158, r_c: -3.851498, f_c: 0.690081, train_acc: 0.1434%
Epoch 38: test_acc: 74.9901%, epoch_time: 534.63
Epoch 39: f_s: 0.098211, r_s: -4.269671, r_c: -3.870300, f_c: 0.682998, train_acc: 0.1463%
Epoch 39: test_acc: 74.8319%, epoch_time: 534.64
Epoch 40: f_s: 0.100183, r_s: -4.333422, r_c: -3.933756, f_c: 0.675762, train_acc: 0.1385%
Epoch 40: test_acc: 74.9604%, epoch_time: 534.78
0
1
2
3
4
5
6
7
8
9
10
11
12
13
14
15
16
17
18
19
20
21
22
23
24
25
26
27
28
29
30
31
32
33
34
35
36
37
38
39
40
41
42
43
44
45
46
47
48
49
50
51
52
53
54
55
56
57
58
59
60
61
62
63
64
65
66
67
68
69
70
71
72
73
74
75
76
77
78
79
80
81
82
83
84
85
86
87
88
89
90
91
92
93
94
95
96
97
98
99
Epoch 41: f_s: 0.096888, r_s: -4.287142, r_c: -3.890359, f_c: 0.667502, train_acc: 0.1397%
Epoch 41: test_acc: 75.5044%, epoch_time: 534.66
Epoch 42: f_s: 0.097475, r_s: -4.390822, r_c: -3.993791, f_c: 0.664948, train_acc: 0.1360%
Epoch 42: test_acc: 73.4573%, epoch_time: 534.63
Epoch 43: f_s: 0.095477, r_s: -4.182682, r_c: -3.779945, f_c: 0.656151, train_acc: 0.1329%
Epoch 43: test_acc: 73.8924%, epoch_time: 534.87
Epoch 44: f_s: 0.098660, r_s: -4.185032, r_c: -3.778380, f_c: 0.650131, train_acc: 0.1350%
Epoch 44: test_acc: 75.7714%, epoch_time: 534.73
Epoch 45: f_s: 0.094816, r_s: -4.340504, r_c: -3.941447, f_c: 0.645576, train_acc: 0.1371%
Epoch 45: test_acc: 75.8801%, epoch_time: 534.34
0
1
2
3
4
5
6
7
8
9
10
11
12
13
14
15
16
17
18
19
20
21
22
23
24
25
26
27
28
29
30
31
32
33
34
35
36
37
38
39
40
41
42
43
44
45
46
47
48
49
50
51
52
53
54
55
56
57
58
59
60
61
62
63
64
65
66
67
68
69
70
71
72
73
74
75
76
77
78
79
80
81
82
83
84
85
86
87
88
89
90
91
92
93
94
95
96
97
98
99
Epoch 46: f_s: 0.096562, r_s: -4.214290, r_c: -3.812661, f_c: 0.634698, train_acc: 0.1324%
Epoch 46: test_acc: 77.4031%, epoch_time: 534.61
Epoch 47: f_s: 0.095903, r_s: -4.117008, r_c: -3.722312, f_c: 0.627458, train_acc: 0.1302%
Epoch 47: test_acc: 75.8900%, epoch_time: 534.62
Epoch 48: f_s: 0.091869, r_s: -4.254234, r_c: -3.862995, f_c: 0.620927, train_acc: 0.1282%
Epoch 48: test_acc: 75.9691%, epoch_time: 534.64
Epoch 49: f_s: 0.092975, r_s: -4.246396, r_c: -3.842650, f_c: 0.614501, train_acc: 0.1251%
Epoch 49: test_acc: 76.3153%, epoch_time: 534.77
Epoch 50: f_s: 0.093484, r_s: -4.281424, r_c: -3.877353, f_c: 0.609636, train_acc: 0.1241%
Epoch 50: test_acc: 77.3339%, epoch_time: 534.53
0
1
2
3
4
5
6
7
8
9
10
11
12
13
14
15
16
17
18
19
20
21
22
23
24
25
26
27
28
29
30
31
32
33
34
35
36
37
38
39
40
41
42
43
44
45
46
47
48
49
50
51
52
53
54
55
56
57
58
59
60
61
62
63
64
65
66
67
68
69
70
71
72
73
74
75
76
77
78
79
80
81
82
83
84
85
86
87
88
89
90
91
92
93
94
95
96
97
98
99
Epoch 51: f_s: 0.092269, r_s: -4.333284, r_c: -3.934747, f_c: 0.601008, train_acc: 0.1257%
Epoch 51: test_acc: 76.7801%, epoch_time: 539.35
Epoch 52: f_s: 0.090028, r_s: -4.216486, r_c: -3.810472, f_c: 0.597446, train_acc: 0.1227%
Epoch 52: test_acc: 75.8307%, epoch_time: 535.70
Epoch 53: f_s: 0.092172, r_s: -4.247494, r_c: -3.842952, f_c: 0.591605, train_acc: 0.1211%
Epoch 53: test_acc: 78.0558%, epoch_time: 535.49
Epoch 54: f_s: 0.089741, r_s: -4.210969, r_c: -3.807211, f_c: 0.579801, train_acc: 0.1209%
Epoch 54: test_acc: 77.3240%, epoch_time: 535.37
Epoch 55: f_s: 0.089779, r_s: -4.093732, r_c: -3.693157, f_c: 0.578036, train_acc: 0.1192%
Epoch 55: test_acc: 76.9185%, epoch_time: 535.18
0
1
2
3
4
5
6
7
8
9
10
11
12
13
14
15
16
17
18
19
20
21
22
23
24
25
26
27
28
29
30
31
32
33
34
35
36
37
38
39
40
41
42
43
44
45
46
47
48
49
50
51
52
53
54
55
56
57
58
59
60
61
62
63
64
65
66
67
68
69
70
71
72
73
74
75
76
77
78
79
80
81
82
83
84
85
86
87
88
89
90
91
92
93
94
95
96
97
98
99
Epoch 56: f_s: 0.089210, r_s: -4.075208, r_c: -3.676966, f_c: 0.573180, train_acc: 0.1169%
Epoch 56: test_acc: 76.9778%, epoch_time: 534.76
Epoch 57: f_s: 0.090848, r_s: -4.166514, r_c: -3.758631, f_c: 0.566136, train_acc: 0.1139%
Epoch 57: test_acc: 77.6206%, epoch_time: 534.49
Epoch 58: f_s: 0.089539, r_s: -4.358365, r_c: -3.955872, f_c: 0.562122, train_acc: 0.1146%
Epoch 58: test_acc: 77.8283%, epoch_time: 534.79
Epoch 59: f_s: 0.087365, r_s: -4.188186, r_c: -3.783326, f_c: 0.560120, train_acc: 0.1142%
Epoch 59: test_acc: 77.8778%, epoch_time: 534.85
Epoch 60: f_s: 0.086791, r_s: -4.355172, r_c: -3.945701, f_c: 0.551717, train_acc: 0.1155%
Epoch 60: test_acc: 77.0965%, epoch_time: 534.60
0
1
2
3
4
5
6
7
8
9
10
11
12
13
14
15
16
17
18
19
20
21
22
23
24
25
26
27
28
29
30
31
32
33
34
35
36
37
38
39
40
41
42
43
44
45
46
47
48
49
50
51
52
53
54
55
56
57
58
59
60
61
62
63
64
65
66
67
68
69
70
71
72
73
74
75
76
77
78
79
80
81
82
83
84
85
86
87
88
89
90
91
92
93
94
95
96
97
98
99
Epoch 61: f_s: 0.087549, r_s: -4.341049, r_c: -3.937843, f_c: 0.544559, train_acc: 0.1124%
Epoch 61: test_acc: 78.4415%, epoch_time: 534.76
Epoch 62: f_s: 0.087535, r_s: -4.362270, r_c: -3.950764, f_c: 0.542878, train_acc: 0.1094%
Epoch 62: test_acc: 79.2722%, epoch_time: 534.60
Epoch 63: f_s: 0.087332, r_s: -4.329550, r_c: -3.923584, f_c: 0.532623, train_acc: 0.1110%
Epoch 63: test_acc: 79.0941%, epoch_time: 534.34
Epoch 64: f_s: 0.087939, r_s: -4.355665, r_c: -3.941379, f_c: 0.536314, train_acc: 0.1109%
Epoch 64: test_acc: 79.3809%, epoch_time: 534.52
Epoch 65: f_s: 0.085694, r_s: -4.374294, r_c: -3.968660, f_c: 0.532886, train_acc: 0.1119%
Epoch 65: test_acc: 79.8952%, epoch_time: 534.45
0
1
2
3
4
5
6
7
8
9
10
11
12
13
14
15
16
17
18
19
20
21
22
23
24
25
26
27
28
29
30
31
32
33
34
35
36
37
38
39
40
41
42
43
44
45
46
47
48
49
50
51
52
53
54
55
56
57
58
59
60
61
62
63
64
65
66
67
68
69
70
71
72
73
74
75
76
77
78
79
80
81
82
83
84
85
86
87
88
89
90
91
92
93
94
95
96
97
98
99
Epoch 66: f_s: 0.086123, r_s: -4.285942, r_c: -3.881090, f_c: 0.522382, train_acc: 0.1079%
Epoch 66: test_acc: 79.3414%, epoch_time: 535.02
Epoch 67: f_s: 0.085417, r_s: -4.354395, r_c: -3.949693, f_c: 0.525350, train_acc: 0.1117%
Epoch 67: test_acc: 80.4193%, epoch_time: 535.01
Epoch 68: f_s: 0.083799, r_s: -4.284280, r_c: -3.888391, f_c: 0.512831, train_acc: 0.1070%
Epoch 68: test_acc: 78.3920%, epoch_time: 535.07
Epoch 69: f_s: 0.084863, r_s: -4.404233, r_c: -3.999002, f_c: 0.510855, train_acc: 0.1062%
Epoch 69: test_acc: 77.6503%, epoch_time: 535.52
Epoch 70: f_s: 0.083142, r_s: -4.368375, r_c: -3.961030, f_c: 0.510982, train_acc: 0.1063%
Epoch 70: test_acc: 79.8358%, epoch_time: 536.09
0
1
2
3
4
5
6
7
8
9
10
11
12
13
14
15
16
17
18
19
20
21
22
23
24
25
26
27
28
29
30
31
32
33
34
35
36
37
38
39
40
41
42
43
44
45
46
47
48
49
50
51
52
53
54
55
56
57
58
59
60
61
62
63
64
65
66
67
68
69
70
71
72
73
74
75
76
77
78
79
80
81
82
83
84
85
86
87
88
89
90
91
92
93
94
95
96
97
98
99
Epoch 71: f_s: 0.083332, r_s: -4.519601, r_c: -4.116812, f_c: 0.503950, train_acc: 0.1075%
Epoch 71: test_acc: 77.5119%, epoch_time: 534.96
Epoch 72: f_s: 0.084673, r_s: -4.352688, r_c: -3.939788, f_c: 0.501549, train_acc: 0.1009%
Epoch 72: test_acc: 79.1139%, epoch_time: 534.70
Epoch 73: f_s: 0.084296, r_s: -4.391603, r_c: -3.985802, f_c: 0.501165, train_acc: 0.1058%
Epoch 73: test_acc: 79.3908%, epoch_time: 534.92
Epoch 74: f_s: 0.084591, r_s: -4.408370, r_c: -3.998092, f_c: 0.493808, train_acc: 0.1001%
Epoch 74: test_acc: 79.8952%, epoch_time: 534.96
Epoch 75: f_s: 0.084145, r_s: -4.401638, r_c: -3.991202, f_c: 0.489098, train_acc: 0.0997%
Epoch 75: test_acc: 79.2425%, epoch_time: 535.00
0
1
2
3
4
5
6
7
8
9
10
11
12
13
14
15
16
17
18
19
20
21
22
23
24
25
26
27
28
29
30
31
32
33
34
35
36
37
38
39
40
41
42
43
44
45
46
47
48
49
50
51
52
53
54
55
56
57
58
59
60
61
62
63
64
65
66
67
68
69
70
71
72
73
74
75
76
77
78
79
80
81
82
83
84
85
86
87
88
89
90
91
92
93
94
95
96
97
98
99
Epoch 76: f_s: 0.081832, r_s: -4.510547, r_c: -4.103012, f_c: 0.485500, train_acc: 0.1011%
Epoch 76: test_acc: 78.5601%, epoch_time: 534.63
Epoch 77: f_s: 0.082223, r_s: -4.497353, r_c: -4.090582, f_c: 0.481039, train_acc: 0.0992%
Epoch 77: test_acc: 80.8940%, epoch_time: 534.59
Epoch 78: f_s: 0.079943, r_s: -4.483101, r_c: -4.077002, f_c: 0.484028, train_acc: 0.1017%
Epoch 78: test_acc: 78.8964%, epoch_time: 534.69
Epoch 79: f_s: 0.081168, r_s: -4.418093, r_c: -4.007553, f_c: 0.472610, train_acc: 0.0999%
Epoch 79: test_acc: 81.6159%, epoch_time: 534.68
Epoch 80: f_s: 0.079037, r_s: -4.420351, r_c: -4.016035, f_c: 0.469470, train_acc: 0.0981%
Epoch 80: test_acc: 81.2500%, epoch_time: 534.51
0
1
2
3
4
5
6
7
8
9
10
11
12
13
14
15
16
17
18
19
20
21
22
23
24
25
26
27
28
29
30
31
32
33
34
35
36
37
38
39
40
41
42
43
44
45
46
47
48
49
50
51
52
53
54
55
56
57
58
59
60
61
62
63
64
65
66
67
68
69
70
71
72
73
74
75
76
77
78
79
80
81
82
83
84
85
86
87
88
89
90
91
92
93
94
95
96
97
98
99
Epoch 81: f_s: 0.080812, r_s: -4.307384, r_c: -3.891857, f_c: 0.467638, train_acc: 0.1002%
Epoch 81: test_acc: 80.4292%, epoch_time: 534.50
Epoch 82: f_s: 0.080357, r_s: -4.201203, r_c: -3.785114, f_c: 0.463788, train_acc: 0.0984%
Epoch 82: test_acc: 80.7852%, epoch_time: 534.46
Epoch 83: f_s: 0.080002, r_s: -4.406679, r_c: -3.994618, f_c: 0.458897, train_acc: 0.0960%
Epoch 83: test_acc: 79.9743%, epoch_time: 534.58
Epoch 84: f_s: 0.079362, r_s: -4.447791, r_c: -4.040845, f_c: 0.460167, train_acc: 0.0953%
Epoch 84: test_acc: 80.6764%, epoch_time: 534.59
Epoch 85: f_s: 0.079515, r_s: -4.442947, r_c: -4.028597, f_c: 0.454662, train_acc: 0.0987%
Epoch 85: test_acc: 80.4292%, epoch_time: 534.95
0
1
2
3
4
5
6
7
8
9
10
11
12
13
14
15
16
17
18
19
20
21
22
23
24
25
26
27
28
29
30
31
32
33
34
35
36
37
38
39
40
41
42
43
44
45
46
47
48
49
50
51
52
53
54
55
56
57
58
59
60
61
62
63
64
65
66
67
68
69
70
71
72
73
74
75
76
77
78
79
80
81
82
83
84
85
86
87
88
89
90
91
92
93
94
95
96
97
98
99
Epoch 86: f_s: 0.079260, r_s: -4.488115, r_c: -4.073106, f_c: 0.452030, train_acc: 0.0953%
Epoch 86: test_acc: 81.2006%, epoch_time: 534.80
Epoch 87: f_s: 0.078876, r_s: -4.478267, r_c: -4.061512, f_c: 0.444722, train_acc: 0.0955%
Epoch 87: test_acc: 79.9248%, epoch_time: 534.79
Epoch 88: f_s: 0.078911, r_s: -4.567682, r_c: -4.144096, f_c: 0.446909, train_acc: 0.0936%
Epoch 88: test_acc: 78.9260%, epoch_time: 534.45
Epoch 89: f_s: 0.078606, r_s: -4.421571, r_c: -4.002968, f_c: 0.443251, train_acc: 0.0935%
Epoch 89: test_acc: 81.1214%, epoch_time: 534.54
Epoch 90: f_s: 0.085769, r_s: -4.284892, r_c: -3.873405, f_c: 0.441362, train_acc: 0.0979%
Epoch 90: test_acc: 80.2215%, epoch_time: 534.80
0
1
2
3
4
5
6
7
8
9
10
11
12
13
14
15
16
17
18
19
20
21
22
23
24
25
26
27
28
29
30
31
32
33
34
35
36
37
38
39
40
41
42
43
44
45
46
47
48
49
50
51
52
53
54
55
56
57
58
59
60
61
62
63
64
65
66
67
68
69
70
71
72
73
74
75
76
77
78
79
80
81
82
83
84
85
86
87
88
89
90
91
92
93
94
95
96
97
98
99
Epoch 91: f_s: 0.077347, r_s: -4.442105, r_c: -4.023629, f_c: 0.437852, train_acc: 0.0948%
Epoch 91: test_acc: 81.2500%, epoch_time: 539.50
Epoch 92: f_s: 0.078088, r_s: -4.653454, r_c: -4.235468, f_c: 0.431628, train_acc: 0.0926%
Epoch 92: test_acc: 81.3588%, epoch_time: 535.52
Epoch 93: f_s: 0.080148, r_s: -4.680580, r_c: -4.257925, f_c: 0.430525, train_acc: 0.0909%
Epoch 93: test_acc: 81.3983%, epoch_time: 535.16
Epoch 94: f_s: 0.078640, r_s: -4.493521, r_c: -4.077538, f_c: 0.427558, train_acc: 0.0948%
Epoch 94: test_acc: 80.8940%, epoch_time: 535.83
Epoch 95: f_s: 0.078062, r_s: -4.529668, r_c: -4.117797, f_c: 0.423916, train_acc: 0.0920%
Epoch 95: test_acc: 81.7840%, epoch_time: 535.94
0
1
2
3
4
5
6
7
8
9
10
11
12
13
14
15
16
17
18
19
20
21
22
23
24
25
26
27
28
29
30
31
32
33
34
35
36
37
38
39
40
41
42
43
44
45
46
47
48
49
50
51
52
53
54
55
56
57
58
59
60
61
62
63
64
65
66
67
68
69
70
71
72
73
74
75
76
77
78
79
80
81
82
83
84
85
86
87
88
89
90
91
92
93
94
95
96
97
98
99
Epoch 96: f_s: 0.077200, r_s: -4.398019, r_c: -3.986922, f_c: 0.423784, train_acc: 0.0899%
Epoch 96: test_acc: 81.9917%, epoch_time: 534.80
Epoch 97: f_s: 0.077743, r_s: -4.545305, r_c: -4.131646, f_c: 0.424226, train_acc: 0.0941%
Epoch 97: test_acc: 82.0016%, epoch_time: 534.65
Epoch 98: f_s: 0.077036, r_s: -4.511000, r_c: -4.097870, f_c: 0.415743, train_acc: 0.0916%
Epoch 98: test_acc: 82.0609%, epoch_time: 534.85
Epoch 99: f_s: 0.075718, r_s: -4.543934, r_c: -4.132727, f_c: 0.413131, train_acc: 0.0914%
Epoch 99: test_acc: 80.5578%, epoch_time: 534.75
Epoch 100: f_s: 0.073583, r_s: -4.666914, r_c: -4.252071, f_c: 0.409816, train_acc: 0.0908%
Epoch 100: test_acc: 81.6950%, epoch_time: 534.88
0
1
2
3
4
5
6
7
8
9
10
11
12
13
14
15
16
17
18
19
20
21
22
23
24
25
26
27
28
29
30
31
32
33
34
35
36
37
38
39
40
41
42
43
44
45
46
47
48
49
50
51
52
53
54
55
56
57
58
59
60
61
62
63
64
65
66
67
68
69
70
71
72
73
74
75
76
77
78
79
80
81
82
83
84
85
86
87
88
89
90
91
92
93
94
95
96
97
98
99
Epoch 101: f_s: 0.075479, r_s: -4.516080, r_c: -4.094264, f_c: 0.409930, train_acc: 0.0865%
Epoch 101: test_acc: 80.3303%, epoch_time: 534.70
Epoch 102: f_s: 0.076796, r_s: -4.637075, r_c: -4.224660, f_c: 0.406518, train_acc: 0.0864%
Epoch 102: test_acc: 80.8742%, epoch_time: 534.82
Epoch 103: f_s: 0.077304, r_s: -4.624967, r_c: -4.211378, f_c: 0.403481, train_acc: 0.0866%
Epoch 103: test_acc: 82.0115%, epoch_time: 534.63
Epoch 104: f_s: 0.075195, r_s: -4.736826, r_c: -4.319193, f_c: 0.400401, train_acc: 0.0872%
Epoch 104: test_acc: 82.1301%, epoch_time: 534.67
Epoch 105: f_s: 0.076591, r_s: -4.723954, r_c: -4.305607, f_c: 0.395583, train_acc: 0.0850%
Epoch 105: test_acc: 81.5763%, epoch_time: 534.71
0
1
2
3
4
5
6
7
8
9
10
11
12
13
14
15
16
17
18
19
20
21
22
23
24
25
26
27
28
29
30
31
32
33
34
35
36
37
38
39
40
41
42
43
44
45
46
47
48
49
50
51
52
53
54
55
56
57
58
59
60
61
62
63
64
65
66
67
68
69
70
71
72
73
74
75
76
77
78
79
80
81
82
83
84
85
86
87
88
89
90
91
92
93
94
95
96
97
98
99
Epoch 106: f_s: 0.074278, r_s: -4.695533, r_c: -4.283599, f_c: 0.396258, train_acc: 0.0892%
Epoch 106: test_acc: 82.1400%, epoch_time: 535.43
Epoch 107: f_s: 0.073070, r_s: -4.786152, r_c: -4.372687, f_c: 0.390467, train_acc: 0.0899%
Epoch 107: test_acc: 82.3972%, epoch_time: 535.66
Epoch 108: f_s: 0.075243, r_s: -4.594037, r_c: -4.176505, f_c: 0.387912, train_acc: 0.0887%
Epoch 108: test_acc: 81.7642%, epoch_time: 535.48
Epoch 109: f_s: 0.074320, r_s: -4.564010, r_c: -4.147508, f_c: 0.389574, train_acc: 0.0857%
Epoch 109: test_acc: 81.1116%, epoch_time: 535.18
Epoch 110: f_s: 0.073604, r_s: -4.661719, r_c: -4.243994, f_c: 0.385472, train_acc: 0.0846%
Epoch 110: test_acc: 81.8236%, epoch_time: 535.25
0
1
2
3
4
5
6
7
8
9
10
11
12
13
14
15
16
17
18
19
20
21
22
23
24
25
26
27
28
29
30
31
32
33
34
35
36
37
38
39
40
41
42
43
44
45
46
47
48
49
50
51
52
53
54
55
56
57
58
59
60
61
62
63
64
65
66
67
68
69
70
71
72
73
74
75
76
77
78
79
80
81
82
83
84
85
86
87
88
89
90
91
92
93
94
95
96
97
98
99
Epoch 111: f_s: 0.076104, r_s: -4.710519, r_c: -4.290468, f_c: 0.385109, train_acc: 0.0832%
Epoch 111: test_acc: 82.0016%, epoch_time: 534.94
Epoch 112: f_s: 0.073638, r_s: -4.733960, r_c: -4.310856, f_c: 0.385902, train_acc: 0.0804%
Epoch 112: test_acc: 81.1907%, epoch_time: 534.86
Epoch 113: f_s: 0.074495, r_s: -4.762930, r_c: -4.339838, f_c: 0.380239, train_acc: 0.0840%
Epoch 113: test_acc: 82.6938%, epoch_time: 534.76
Epoch 114: f_s: 0.072104, r_s: -4.619897, r_c: -4.198373, f_c: 0.378851, train_acc: 0.0841%
Epoch 114: test_acc: 82.6246%, epoch_time: 534.83
Epoch 115: f_s: 0.074116, r_s: -4.633972, r_c: -4.209847, f_c: 0.383148, train_acc: 0.0837%
Epoch 115: test_acc: 81.5566%, epoch_time: 534.82
0
1
2
3
4
5
6
7
8
9
10
11
12
13
14
15
16
17
18
19
20
21
22
23
24
25
26
27
28
29
30
31
32
33
34
35
36
37
38
39
40
41
42
43
44
45
46
47
48
49
50
51
52
53
54
55
56
57
58
59
60
61
62
63
64
65
66
67
68
69
70
71
72
73
74
75
76
77
78
79
80
81
82
83
84
85
86
87
88
89
90
91
92
93
94
95
96
97
98
99
Epoch 116: f_s: 0.073326, r_s: -4.865039, r_c: -4.444349, f_c: 0.373421, train_acc: 0.0800%
Epoch 116: test_acc: 82.2884%, epoch_time: 534.37
Epoch 117: f_s: 0.073329, r_s: -4.738664, r_c: -4.315688, f_c: 0.373896, train_acc: 0.0819%
Epoch 117: test_acc: 82.7927%, epoch_time: 535.63
Epoch 118: f_s: 0.073440, r_s: -4.705779, r_c: -4.284213, f_c: 0.370458, train_acc: 0.0830%
Epoch 118: test_acc: 82.3378%, epoch_time: 534.68
Epoch 119: f_s: 0.072895, r_s: -4.817418, r_c: -4.392289, f_c: 0.362527, train_acc: 0.0825%
Epoch 119: test_acc: 82.1499%, epoch_time: 534.72
Epoch 120: f_s: 0.073000, r_s: -4.889491, r_c: -4.467311, f_c: 0.363319, train_acc: 0.0822%
Epoch 120: test_acc: 82.5752%, epoch_time: 534.50
0
1
2
3
4
5
6
7
8
9
10
11
12
13
14
15
16
17
18
19
20
21
22
23
24
25
26
27
28
29
30
31
32
33
34
35
36
37
38
39
40
41
42
43
44
45
46
47
48
49
50
51
52
53
54
55
56
57
58
59
60
61
62
63
64
65
66
67
68
69
70
71
72
73
74
75
76
77
78
79
80
81
82
83
84
85
86
87
88
89
90
91
92
93
94
95
96
97
98
99
Epoch 121: f_s: 0.072726, r_s: -4.752581, r_c: -4.334921, f_c: 0.365964, train_acc: 0.0827%
Epoch 121: test_acc: 82.4070%, epoch_time: 534.67
Epoch 122: f_s: 0.072699, r_s: -4.770216, r_c: -4.336162, f_c: 0.362325, train_acc: 0.0792%
Epoch 122: test_acc: 81.5467%, epoch_time: 534.84
Epoch 123: f_s: 0.075571, r_s: -4.919473, r_c: -4.494754, f_c: 0.360313, train_acc: 0.0801%
Epoch 123: test_acc: 82.4565%, epoch_time: 534.67
Epoch 124: f_s: 0.072231, r_s: -4.786068, r_c: -4.363380, f_c: 0.355720, train_acc: 0.0794%
Epoch 124: test_acc: 82.4862%, epoch_time: 534.89
Epoch 125: f_s: 0.071875, r_s: -4.965123, r_c: -4.536948, f_c: 0.356543, train_acc: 0.0821%
Epoch 125: test_acc: 82.7828%, epoch_time: 534.81
0
1
2
3
4
5
6
7
8
9
10
11
12
13
14
15
16
17
18
19
20
21
22
23
24
25
26
27
28
29
30
31
32
33
34
35
36
37
38
39
40
41
42
43
44
45
46
47
48
49
50
51
52
53
54
55
56
57
58
59
60
61
62
63
64
65
66
67
68
69
70
71
72
73
74
75
76
77
78
79
80
81
82
83
84
85
86
87
88
89
90
91
92
93
94
95
96
97
98
99
Epoch 126: f_s: 0.072517, r_s: -4.866468, r_c: -4.438144, f_c: 0.351358, train_acc: 0.0828%
Epoch 126: test_acc: 82.9905%, epoch_time: 534.31
Epoch 127: f_s: 0.072317, r_s: -4.824395, r_c: -4.392906, f_c: 0.351911, train_acc: 0.0767%
Epoch 127: test_acc: 82.8521%, epoch_time: 534.52
Epoch 128: f_s: 0.071921, r_s: -4.848461, r_c: -4.424205, f_c: 0.347045, train_acc: 0.0774%
Epoch 128: test_acc: 82.7532%, epoch_time: 534.29
Epoch 129: f_s: 0.072222, r_s: -4.809765, r_c: -4.379582, f_c: 0.346805, train_acc: 0.0766%
Epoch 129: test_acc: 83.2872%, epoch_time: 534.65
Epoch 130: f_s: 0.073049, r_s: -4.887602, r_c: -4.454152, f_c: 0.350682, train_acc: 0.0784%
Epoch 130: test_acc: 83.0795%, epoch_time: 534.52
0
1
2
3
4
5
6
7
8
9
10
11
12
13
14
15
16
17
18
19
20
21
22
23
24
25
26
27
28
29
30
31
32
33
34
35
36
37
38
39
40
41
42
43
44
45
46
47
48
49
50
51
52
53
54
55
56
57
58
59
60
61
62
63
64
65
66
67
68
69
70
71
72
73
74
75
76
77
78
79
80
81
82
83
84
85
86
87
88
89
90
91
92
93
94
95
96
97
98
99
Epoch 131: f_s: 0.072518, r_s: -4.866017, r_c: -4.436729, f_c: 0.341791, train_acc: 0.0777%
Epoch 131: test_acc: 82.7927%, epoch_time: 539.26
Epoch 132: f_s: 0.071136, r_s: -4.719787, r_c: -4.288084, f_c: 0.342264, train_acc: 0.0787%
Epoch 132: test_acc: 81.9521%, epoch_time: 535.85
Epoch 133: f_s: 0.072459, r_s: -4.871805, r_c: -4.437193, f_c: 0.342455, train_acc: 0.0787%
Epoch 133: test_acc: 81.5170%, epoch_time: 535.70
Epoch 134: f_s: 0.072257, r_s: -4.875777, r_c: -4.441351, f_c: 0.338846, train_acc: 0.0787%
Epoch 134: test_acc: 83.1586%, epoch_time: 535.73
Epoch 135: f_s: 0.072954, r_s: -4.927724, r_c: -4.489613, f_c: 0.336297, train_acc: 0.0738%
Epoch 135: test_acc: 83.4553%, epoch_time: 535.51
0
1
2
3
4
5
6
7
8
9
10
11
12
13
14
15
16
17
18
19
20
21
22
23
24
25
26
27
28
29
30
31
32
33
34
35
36
37
38
39
40
41
42
43
44
45
46
47
48
49
50
51
52
53
54
55
56
57
58
59
60
61
62
63
64
65
66
67
68
69
70
71
72
73
74
75
76
77
78
79
80
81
82
83
84
85
86
87
88
89
90
91
92
93
94
95
96
97
98
99
Epoch 136: f_s: 0.069932, r_s: -4.879528, r_c: -4.447325, f_c: 0.339093, train_acc: 0.0771%
Epoch 136: test_acc: 82.0312%, epoch_time: 534.58
Epoch 137: f_s: 0.072457, r_s: -4.770752, r_c: -4.337478, f_c: 0.331888, train_acc: 0.0767%
Epoch 137: test_acc: 82.0411%, epoch_time: 534.46
Epoch 138: f_s: 0.069872, r_s: -4.911728, r_c: -4.480083, f_c: 0.334563, train_acc: 0.0785%
Epoch 138: test_acc: 81.1116%, epoch_time: 534.48
Epoch 139: f_s: 0.071303, r_s: -4.644568, r_c: -4.211756, f_c: 0.328868, train_acc: 0.0772%
Epoch 139: test_acc: 82.9213%, epoch_time: 534.66
Epoch 140: f_s: 0.071355, r_s: -4.968576, r_c: -4.529860, f_c: 0.331941, train_acc: 0.0769%
Epoch 140: test_acc: 82.8125%, epoch_time: 534.70
0
1
2
3
4
5
6
7
8
9
10
11
12
13
14
15
16
17
18
19
20
21
22
23
24
25
26
27
28
29
30
31
32
33
34
35
36
37
38
39
40
41
42
43
44
45
46
47
48
49
50
51
52
53
54
55
56
57
58
59
60
61
62
63
64
65
66
67
68
69
70
71
72
73
74
75
76
77
78
79
80
81
82
83
84
85
86
87
88
89
90
91
92
93
94
95
96
97
98
99
Epoch 141: f_s: 0.070183, r_s: -5.120285, r_c: -4.679684, f_c: 0.328403, train_acc: 0.0775%
Epoch 141: test_acc: 83.0696%, epoch_time: 534.50
Epoch 142: f_s: 0.073195, r_s: -4.998003, r_c: -4.558823, f_c: 0.325742, train_acc: 0.0778%
Epoch 142: test_acc: 82.3279%, epoch_time: 534.33
Epoch 143: f_s: 0.070302, r_s: -4.943222, r_c: -4.503786, f_c: 0.323784, train_acc: 0.0763%
Epoch 143: test_acc: 82.9806%, epoch_time: 534.27
Epoch 144: f_s: 0.070297, r_s: -4.994937, r_c: -4.550804, f_c: 0.322847, train_acc: 0.0743%
Epoch 144: test_acc: 81.9719%, epoch_time: 534.70
Epoch 145: f_s: 0.071926, r_s: -5.066657, r_c: -4.625128, f_c: 0.325915, train_acc: 0.0767%
Epoch 145: test_acc: 83.3762%, epoch_time: 534.56
0
1
2
3
4
5
6
7
8
9
10
11
12
13
14
15
16
17
18
19
20
21
22
23
24
25
26
27
28
29
30
31
32
33
34
35
36
37
38
39
40
41
42
43
44
45
46
47
48
49
50
51
52
53
54
55
56
57
58
59
60
61
62
63
64
65
66
67
68
69
70
71
72
73
74
75
76
77
78
79
80
81
82
83
84
85
86
87
88
89
90
91
92
93
94
95
96
97
98
99
Epoch 146: f_s: 0.070458, r_s: -5.037078, r_c: -4.596905, f_c: 0.324633, train_acc: 0.0756%
Epoch 146: test_acc: 82.7828%, epoch_time: 534.98
Epoch 147: f_s: 0.070578, r_s: -5.003547, r_c: -4.563047, f_c: 0.316553, train_acc: 0.0780%
Epoch 147: test_acc: 83.0597%, epoch_time: 534.92
Epoch 148: f_s: 0.071376, r_s: -4.946524, r_c: -4.502062, f_c: 0.314336, train_acc: 0.0723%
Epoch 148: test_acc: 83.2180%, epoch_time: 535.05
Epoch 149: f_s: 0.071089, r_s: -4.986297, r_c: -4.547296, f_c: 0.313381, train_acc: 0.0761%
Epoch 149: test_acc: 82.9905%, epoch_time: 535.62
Epoch 150: f_s: 0.070165, r_s: -4.928378, r_c: -4.490014, f_c: 0.313968, train_acc: 0.0757%
Epoch 150: test_acc: 82.6938%, epoch_time: 535.48
0
1
2
3
4
5
6
7
8
9
10
11
12
13
14
15
16
17
18
19
20
21
22
23
24
25
26
27
28
29
30
31
32
33
34
35
36
37
38
39
40
41
42
43
44
45
46
47
48
49
50
51
52
53
54
55
56
57
58
59
60
61
62
63
64
65
66
67
68
69
70
71
72
73
74
75
76
77
78
79
80
81
82
83
84
85
86
87
88
89
90
91
92
93
94
95
96
97
98
99
Epoch 151: f_s: 0.070995, r_s: -5.108983, r_c: -4.667296, f_c: 0.312564, train_acc: 0.0759%
Epoch 151: test_acc: 83.1883%, epoch_time: 534.97
Epoch 152: f_s: 0.069912, r_s: -5.085347, r_c: -4.634193, f_c: 0.313350, train_acc: 0.0742%
Epoch 152: test_acc: 81.9324%, epoch_time: 534.66
Epoch 153: f_s: 0.069825, r_s: -5.144617, r_c: -4.701484, f_c: 0.312385, train_acc: 0.0744%
Epoch 153: test_acc: 82.1203%, epoch_time: 534.70
Epoch 154: f_s: 0.070130, r_s: -5.201977, r_c: -4.754974, f_c: 0.315748, train_acc: 0.0733%
Epoch 154: test_acc: 83.8212%, epoch_time: 535.06
Epoch 155: f_s: 0.073009, r_s: -5.217029, r_c: -4.770208, f_c: 0.303413, train_acc: 0.0725%
Epoch 155: test_acc: 83.3762%, epoch_time: 535.15
0
1
2
3
4
5
6
7
8
9
10
11
12
13
14
15
16
17
18
19
20
21
22
23
24
25
26
27
28
29
30
31
32
33
34
35
36
37
38
39
40
41
42
43
44
45
46
47
48
49
50
51
52
53
54
55
56
57
58
59
60
61
62
63
64
65
66
67
68
69
70
71
72
73
74
75
76
77
78
79
80
81
82
83
84
85
86
87
88
89
90
91
92
93
94
95
96
97
98
99
Epoch 156: f_s: 0.068408, r_s: -5.107842, r_c: -4.662350, f_c: 0.305869, train_acc: 0.0733%
Epoch 156: test_acc: 83.6036%, epoch_time: 534.50
Epoch 157: f_s: 0.069370, r_s: -5.176145, r_c: -4.723733, f_c: 0.306111, train_acc: 0.0710%
Epoch 157: test_acc: 83.3267%, epoch_time: 534.65
Epoch 158: f_s: 0.070099, r_s: -5.075907, r_c: -4.625638, f_c: 0.303213, train_acc: 0.0722%
Epoch 158: test_acc: 82.1895%, epoch_time: 534.70
Epoch 159: f_s: 0.069884, r_s: -5.006644, r_c: -4.557553, f_c: 0.304139, train_acc: 0.0723%
Epoch 159: test_acc: 83.6234%, epoch_time: 534.46
Epoch 160: f_s: 0.069413, r_s: -5.162329, r_c: -4.712676, f_c: 0.299481, train_acc: 0.0754%
Epoch 160: test_acc: 83.4157%, epoch_time: 534.74
0
1
2
3
4
5
6
7
8
9
10
11
12
13
14
15
16
17
18
19
20
21
22
23
24
25
26
27
28
29
30
31
32
33
34
35
36
37
38
39
40
41
42
43
44
45
46
47
48
49
50
51
52
53
54
55
56
57
58
59
60
61
62
63
64
65
66
67
68
69
70
71
72
73
74
75
76
77
78
79
80
81
82
83
84
85
86
87
88
89
90
91
92
93
94
95
96
97
98
99
Epoch 161: f_s: 0.070518, r_s: -5.205998, r_c: -4.753225, f_c: 0.301824, train_acc: 0.0729%
Epoch 161: test_acc: 83.7124%, epoch_time: 534.74
Epoch 162: f_s: 0.070151, r_s: -5.311038, r_c: -4.854990, f_c: 0.297128, train_acc: 0.0721%
Epoch 162: test_acc: 83.1586%, epoch_time: 535.15
Epoch 163: f_s: 0.068469, r_s: -5.360898, r_c: -4.912220, f_c: 0.297185, train_acc: 0.0721%
Epoch 163: test_acc: 83.8014%, epoch_time: 534.78
Epoch 164: f_s: 0.069102, r_s: -5.337249, r_c: -4.888114, f_c: 0.296063, train_acc: 0.0748%
Epoch 164: test_acc: 82.9509%, epoch_time: 534.84
Epoch 165: f_s: 0.067858, r_s: -5.093333, r_c: -4.641220, f_c: 0.296434, train_acc: 0.0766%
Epoch 165: test_acc: 82.9806%, epoch_time: 534.57
0
1
2
3
4
5
6
7
8
9
10
11
12
13
14
15
16
17
18
19
20
21
22
23
24
25
26
27
28
29
30
31
32
33
34
35
36
37
38
39
40
41
42
43
44
45
46
47
48
49
50
51
52
53
54
55
56
57
58
59
60
61
62
63
64
65
66
67
68
69
70
71
72
73
74
75
76
77
78
79
80
81
82
83
84
85
86
87
88
89
90
91
92
93
94
95
96
97
98
99
Epoch 166: f_s: 0.069421, r_s: -5.337343, r_c: -4.888482, f_c: 0.294000, train_acc: 0.0745%
Epoch 166: test_acc: 82.7334%, epoch_time: 534.59
Epoch 167: f_s: 0.069687, r_s: -5.158671, r_c: -4.702540, f_c: 0.291036, train_acc: 0.0689%
Epoch 167: test_acc: 83.5740%, epoch_time: 534.53
Epoch 168: f_s: 0.068174, r_s: -5.190318, r_c: -4.730417, f_c: 0.291357, train_acc: 0.0732%
Epoch 168: test_acc: 82.4169%, epoch_time: 535.44
Epoch 169: f_s: 0.069501, r_s: -5.268915, r_c: -4.810413, f_c: 0.291962, train_acc: 0.0714%
Epoch 169: test_acc: 83.3663%, epoch_time: 534.43
Epoch 170: f_s: 0.070258, r_s: -5.295266, r_c: -4.830966, f_c: 0.287509, train_acc: 0.0693%
Epoch 170: test_acc: 83.9893%, epoch_time: 534.57
0
1
2
3
4
5
6
7
8
9
10
11
12
13
14
15
16
17
18
19
20
21
22
23
24
25
26
27
28
29
30
31
32
33
34
35
36
37
38
39
40
41
42
43
44
45
46
47
48
49
50
51
52
53
54
55
56
57
58
59
60
61
62
63
64
65
66
67
68
69
70
71
72
73
74
75
76
77
78
79
80
81
82
83
84
85
86
87
88
89
90
91
92
93
94
95
96
97
98
99
Epoch 171: f_s: 0.070400, r_s: -5.350700, r_c: -4.898877, f_c: 0.286382, train_acc: 0.0722%
Epoch 171: test_acc: 82.7136%, epoch_time: 540.13
Epoch 172: f_s: 0.068330, r_s: -5.213489, r_c: -4.757793, f_c: 0.289557, train_acc: 0.0699%
Epoch 172: test_acc: 84.1574%, epoch_time: 535.35
Epoch 173: f_s: 0.069554, r_s: -5.277315, r_c: -4.816599, f_c: 0.282075, train_acc: 0.0710%
Epoch 173: test_acc: 83.1784%, epoch_time: 536.42
Epoch 174: f_s: 0.070701, r_s: -5.311985, r_c: -4.852144, f_c: 0.284585, train_acc: 0.0718%
Epoch 174: test_acc: 83.2476%, epoch_time: 535.84
Epoch 175: f_s: 0.068642, r_s: -5.320266, r_c: -4.866880, f_c: 0.283581, train_acc: 0.0732%
Epoch 175: test_acc: 83.1586%, epoch_time: 536.39
0
1
2
3
4
5
6
7
8
9
10
11
12
13
14
15
16
17
18
19
20
21
22
23
24
25
26
27
28
29
30
31
32
33
34
35
36
37
38
39
40
41
42
43
44
45
46
47
48
49
50
51
52
53
54
55
56
57
58
59
60
61
62
63
64
65
66
67
68
69
70
71
72
73
74
75
76
77
78
79
80
81
82
83
84
85
86
87
88
89
90
91
92
93
94
95
96
97
98
99
Epoch 176: f_s: 0.069839, r_s: -5.181616, r_c: -4.719001, f_c: 0.282784, train_acc: 0.0719%
Epoch 176: test_acc: 84.2069%, epoch_time: 534.90
Epoch 177: f_s: 0.068403, r_s: -5.513823, r_c: -5.051936, f_c: 0.279403, train_acc: 0.0683%
Epoch 177: test_acc: 82.0016%, epoch_time: 534.79
Epoch 178: f_s: 0.070347, r_s: -5.412618, r_c: -4.946062, f_c: 0.277899, train_acc: 0.0716%
Epoch 178: test_acc: 83.8608%, epoch_time: 534.83
Epoch 179: f_s: 0.069002, r_s: -5.376687, r_c: -4.911410, f_c: 0.276138, train_acc: 0.0661%
Epoch 179: test_acc: 82.9411%, epoch_time: 534.68
Epoch 180: f_s: 0.068994, r_s: -5.601765, r_c: -5.135115, f_c: 0.278400, train_acc: 0.0703%
Epoch 180: test_acc: 83.9794%, epoch_time: 534.92
0
1
2
3
4
5
6
7
8
9
10
11
12
13
14
15
16
17
18
19
20
21
22
23
24
25
26
27
28
29
30
31
32
33
34
35
36
37
38
39
40
41
42
43
44
45
46
47
48
49
50
51
52
53
54
55
56
57
58
59
60
61
62
63
64
65
66
67
68
69
70
71
72
73
74
75
76
77
78
79
80
81
82
83
84
85
86
87
88
89
90
91
92
93
94
95
96
97
98
99
Epoch 181: f_s: 0.068762, r_s: -5.550972, r_c: -5.091588, f_c: 0.278103, train_acc: 0.0693%
Epoch 181: test_acc: 83.8311%, epoch_time: 534.90
Epoch 182: f_s: 0.067633, r_s: -5.157197, r_c: -4.698910, f_c: 0.277539, train_acc: 0.0709%
Epoch 182: test_acc: 83.9300%, epoch_time: 534.41
Epoch 183: f_s: 0.068386, r_s: -5.414758, r_c: -4.953191, f_c: 0.272690, train_acc: 0.0716%
Epoch 183: test_acc: 82.3081%, epoch_time: 534.45
Epoch 184: f_s: 0.068617, r_s: -5.453790, r_c: -4.995107, f_c: 0.271884, train_acc: 0.0744%
Epoch 184: test_acc: 82.4169%, epoch_time: 534.52
Epoch 185: f_s: 0.066819, r_s: -5.482175, r_c: -5.021081, f_c: 0.271361, train_acc: 0.0680%
Epoch 185: test_acc: 84.0289%, epoch_time: 534.79
0
1
2
3
4
5
6
7
8
9
10
11
12
13
14
15
16
17
18
19
20
21
22
23
24
25
26
27
28
29
30
31
32
33
34
35
36
37
38
39
40
41
42
43
44
45
46
47
48
49
50
51
52
53
54
55
56
57
58
59
60
61
62
63
64
65
66
67
68
69
70
71
72
73
74
75
76
77
78
79
80
81
82
83
84
85
86
87
88
89
90
91
92
93
94
95
96
97
98
99
Epoch 186: f_s: 0.067411, r_s: -5.348340, r_c: -4.876820, f_c: 0.270747, train_acc: 0.0698%
Epoch 186: test_acc: 83.3762%, epoch_time: 535.08
Epoch 187: f_s: 0.067343, r_s: -5.549056, r_c: -5.083420, f_c: 0.272441, train_acc: 0.0749%
Epoch 187: test_acc: 83.3861%, epoch_time: 535.37
Epoch 188: f_s: 0.068915, r_s: -5.443917, r_c: -4.976790, f_c: 0.264823, train_acc: 0.0692%
Epoch 188: test_acc: 83.7421%, epoch_time: 534.89
Epoch 189: f_s: 0.067727, r_s: -5.499709, r_c: -5.027986, f_c: 0.267191, train_acc: 0.0711%
Epoch 189: test_acc: 83.3465%, epoch_time: 535.19
Epoch 190: f_s: 0.067612, r_s: -5.449761, r_c: -4.982182, f_c: 0.268045, train_acc: 0.0695%
Epoch 190: test_acc: 83.9003%, epoch_time: 535.22
0
1
2
3
4
5
6
7
8
9
10
11
12
13
14
15
16
17
18
19
20
21
22
23
24
25
26
27
28
29
30
31
32
33
34
35
36
37
38
39
40
41
42
43
44
45
46
47
48
49
50
51
52
53
54
55
56
57
58
59
60
61
62
63
64
65
66
67
68
69
70
71
72
73
74
75
76
77
78
79
80
81
82
83
84
85
86
87
88
89
90
91
92
93
94
95
96
97
98
99
Epoch 191: f_s: 0.068272, r_s: -5.360535, r_c: -4.889076, f_c: 0.265589, train_acc: 0.0676%
Epoch 191: test_acc: 84.0882%, epoch_time: 534.86
Epoch 192: f_s: 0.068825, r_s: -5.465638, r_c: -4.995481, f_c: 0.264774, train_acc: 0.0698%
Epoch 192: test_acc: 83.4850%, epoch_time: 534.82
Epoch 193: f_s: 0.068871, r_s: -5.420762, r_c: -4.949591, f_c: 0.263053, train_acc: 0.0714%
Epoch 193: test_acc: 83.7025%, epoch_time: 534.96
Epoch 194: f_s: 0.067865, r_s: -5.617480, r_c: -5.148763, f_c: 0.265040, train_acc: 0.0699%
Epoch 194: test_acc: 83.0993%, epoch_time: 534.86
Epoch 195: f_s: 0.068331, r_s: -5.517577, r_c: -5.043398, f_c: 0.265229, train_acc: 0.0705%
Epoch 195: test_acc: 83.5839%, epoch_time: 534.98
0
1
2
3
4
5
6
7
8
9
10
11
12
13
14
15
16
17
18
19
20
21
22
23
24
25
26
27
28
29
30
31
32
33
34
35
36
37
38
39
40
41
42
43
44
45
46
47
48
49
50
51
52
53
54
55
56
57
58
59
60
61
62
63
64
65
66
67
68
69
70
71
72
73
74
75
76
77
78
79
80
81
82
83
84
85
86
87
88
89
90
91
92
93
94
95
96
97
98
99
Epoch 196: f_s: 0.067589, r_s: -5.552964, r_c: -5.081786, f_c: 0.259383, train_acc: 0.0676%
Epoch 196: test_acc: 82.9015%, epoch_time: 534.53
Epoch 197: f_s: 0.067034, r_s: -5.624155, r_c: -5.145523, f_c: 0.258928, train_acc: 0.0650%
Epoch 197: test_acc: 83.2081%, epoch_time: 534.82
Epoch 198: f_s: 0.067648, r_s: -5.462993, r_c: -4.981869, f_c: 0.258375, train_acc: 0.0680%
Epoch 198: test_acc: 83.3564%, epoch_time: 534.83
Epoch 199: f_s: 0.067828, r_s: -5.613340, r_c: -5.137178, f_c: 0.256577, train_acc: 0.0677%
Epoch 199: test_acc: 83.2971%, epoch_time: 534.75
Epoch 200: f_s: 0.066965, r_s: -5.628269, r_c: -5.160669, f_c: 0.255273, train_acc: 0.0654%
Epoch 200: test_acc: 83.9201%, epoch_time: 534.80
0
1
2
3
4
5
6
7
8
9
10
11
12
13
14
15
16
17
18
19
20
21
22
23
24
25
26
27
28
29
30
31
32
33
34
35
36
37
38
39
40
41
42
43
44
45
46
47
48
49
50
51
52
53
54
55
56
57
58
59
60
61
62
63
64
65
66
67
68
69
70
71
72
73
74
75
76
77
78
79
80
81
82
83
84
85
86
87
88
89
90
91
92
93
94
95
96
97
98
99
Epoch 201: f_s: 0.067445, r_s: -5.429063, r_c: -4.949671, f_c: 0.257568, train_acc: 0.0673%
Epoch 201: test_acc: 83.2971%, epoch_time: 534.76
