----------------------------------------
Begin Torque Prologue on nid25333
at Sat Oct 27 11:19:58 CDT 2018
Job Id:			9149709.bw
Username:		tra437
Group:			TRAIN_bauh
Job name:		ACG
Requested resources:	nodes=1:ppn=16:xk,walltime=45:00:00,neednodes=1:ppn=16:xk
Queue:			normal
Account:		bauh
End Torque Prologue:  0.127 elapsed
----------------------------------------




Files already downloaded and verified
Epoch 0: test_acc: 30.2413%, epoch_time: 542.15
Epoch 1: test_acc: 36.8572%, epoch_time: 535.29
Epoch 2: test_acc: 43.5621%, epoch_time: 534.32
Epoch 3: test_acc: 48.0617%, epoch_time: 534.66
Epoch 4: test_acc: 49.9506%, epoch_time: 534.41
Epoch 5: test_acc: 52.9767%, epoch_time: 534.30
Epoch 6: test_acc: 55.4490%, epoch_time: 534.38
Epoch 7: test_acc: 54.6381%, epoch_time: 534.75
Epoch 8: test_acc: 58.3564%, epoch_time: 534.80
Epoch 9: test_acc: 61.1650%, epoch_time: 534.69
Epoch 10: test_acc: 62.9450%, epoch_time: 534.60
Epoch 11: test_acc: 61.3627%, epoch_time: 534.73
Epoch 12: test_acc: 63.7362%, epoch_time: 534.59
Epoch 13: test_acc: 65.6151%, epoch_time: 534.88
Epoch 14: test_acc: 62.5099%, epoch_time: 534.79
Epoch 15: test_acc: 64.6559%, epoch_time: 534.76
Epoch 16: test_acc: 60.6606%, epoch_time: 534.43
Epoch 17: test_acc: 68.4237%, epoch_time: 534.44
Epoch 18: test_acc: 68.3940%, epoch_time: 534.83
Epoch 19: test_acc: 66.6436%, epoch_time: 534.64
Epoch 20: test_acc: 67.9094%, epoch_time: 534.89
Epoch 21: test_acc: 68.1665%, epoch_time: 534.50
Epoch 22: test_acc: 67.2172%, epoch_time: 534.69
Epoch 23: test_acc: 70.6388%, epoch_time: 534.34
Epoch 24: test_acc: 70.4905%, epoch_time: 534.52
Epoch 25: test_acc: 70.0949%, epoch_time: 534.59
Epoch 26: test_acc: 72.0036%, epoch_time: 534.16
Epoch 27: test_acc: 70.3422%, epoch_time: 534.77
Epoch 28: test_acc: 68.8489%, epoch_time: 534.70
Epoch 29: test_acc: 70.9454%, epoch_time: 534.57
Epoch 30: test_acc: 73.0123%, epoch_time: 534.73
Epoch 31: test_acc: 70.6883%, epoch_time: 534.44
Epoch 32: test_acc: 74.9407%, epoch_time: 534.96
Epoch 33: test_acc: 74.1693%, epoch_time: 534.27
Epoch 34: test_acc: 68.8687%, epoch_time: 534.47
Epoch 35: test_acc: 74.2286%, epoch_time: 534.53
Epoch 36: test_acc: 74.6737%, epoch_time: 535.72
Epoch 37: test_acc: 73.9616%, epoch_time: 534.50
Epoch 38: test_acc: 73.5463%, epoch_time: 534.91
Epoch 39: test_acc: 75.1088%, epoch_time: 534.52
Epoch 40: test_acc: 73.2595%, epoch_time: 534.84
Epoch 41: test_acc: 74.8418%, epoch_time: 534.46
Epoch 42: test_acc: 73.4276%, epoch_time: 534.72
Epoch 43: test_acc: 75.2275%, epoch_time: 534.48
Epoch 44: test_acc: 75.9790%, epoch_time: 534.63
Epoch 45: test_acc: 76.3252%, epoch_time: 534.82
Epoch 46: test_acc: 74.7033%, epoch_time: 534.51
Epoch 47: test_acc: 74.4858%, epoch_time: 534.65
Epoch 48: test_acc: 75.5637%, epoch_time: 534.80
Epoch 49: test_acc: 74.8714%, epoch_time: 534.73
Epoch 50: test_acc: 75.8208%, epoch_time: 534.36
Epoch 51: test_acc: 76.8691%, epoch_time: 534.37
Epoch 52: test_acc: 78.1250%, epoch_time: 534.67
Epoch 53: test_acc: 77.8184%, epoch_time: 534.48
Epoch 54: test_acc: 78.4909%, epoch_time: 534.71
Epoch 55: test_acc: 77.2844%, epoch_time: 535.14
Epoch 56: test_acc: 77.7097%, epoch_time: 534.76
Epoch 57: test_acc: 77.6998%, epoch_time: 534.85
Epoch 58: test_acc: 78.6392%, epoch_time: 534.43
Epoch 59: test_acc: 77.6108%, epoch_time: 534.68
Epoch 60: test_acc: 74.8517%, epoch_time: 534.48
Epoch 61: test_acc: 79.4403%, epoch_time: 534.43
Epoch 62: test_acc: 77.5415%, epoch_time: 534.84
Epoch 63: test_acc: 78.1349%, epoch_time: 534.81
Epoch 64: test_acc: 78.5601%, epoch_time: 534.77
Epoch 65: test_acc: 78.7678%, epoch_time: 534.41
Epoch 66: test_acc: 77.8679%, epoch_time: 534.58
Epoch 67: test_acc: 79.0348%, epoch_time: 534.39
Epoch 68: test_acc: 78.4513%, epoch_time: 534.28
Epoch 69: test_acc: 79.9150%, epoch_time: 534.69
Epoch 70: test_acc: 80.2512%, epoch_time: 534.69
Epoch 71: test_acc: 78.6392%, epoch_time: 534.62
Epoch 72: test_acc: 78.6788%, epoch_time: 534.98
Epoch 73: test_acc: 80.2907%, epoch_time: 534.47
Epoch 74: test_acc: 80.0237%, epoch_time: 534.68
Epoch 75: test_acc: 77.7888%, epoch_time: 534.60
Epoch 76: test_acc: 79.6183%, epoch_time: 534.86
Epoch 77: test_acc: 80.1622%, epoch_time: 534.68
Epoch 78: test_acc: 80.3402%, epoch_time: 534.68
Epoch 79: test_acc: 80.0633%, epoch_time: 534.62
Epoch 80: test_acc: 78.9458%, epoch_time: 534.72
Epoch 81: test_acc: 80.2017%, epoch_time: 534.77
Epoch 82: test_acc: 80.2116%, epoch_time: 534.39
Epoch 83: test_acc: 80.5281%, epoch_time: 534.50
Epoch 84: test_acc: 79.6183%, epoch_time: 534.90
Epoch 85: test_acc: 80.1622%, epoch_time: 534.91
Epoch 86: test_acc: 79.6776%, epoch_time: 534.35
Epoch 87: test_acc: 80.6962%, epoch_time: 534.51
Epoch 88: test_acc: 80.9039%, epoch_time: 534.65
Epoch 89: test_acc: 81.1313%, epoch_time: 534.42
Epoch 90: test_acc: 80.5182%, epoch_time: 534.39
Epoch 91: test_acc: 80.2710%, epoch_time: 534.66
Epoch 92: test_acc: 81.0028%, epoch_time: 534.77
Epoch 93: test_acc: 81.2599%, epoch_time: 534.63
Epoch 94: test_acc: 80.8742%, epoch_time: 534.57
Epoch 95: test_acc: 80.9138%, epoch_time: 534.86
Epoch 96: test_acc: 81.7247%, epoch_time: 534.76
Epoch 97: test_acc: 80.2314%, epoch_time: 534.24
Epoch 98: test_acc: 81.8730%, epoch_time: 534.97
Epoch 99: test_acc: 80.5083%, epoch_time: 534.90
Epoch 100: test_acc: 79.8457%, epoch_time: 534.46
Epoch 101: test_acc: 80.9039%, epoch_time: 534.62
Epoch 102: test_acc: 81.0621%, epoch_time: 535.10
Epoch 103: test_acc: 82.1994%, epoch_time: 534.81
Epoch 104: test_acc: 81.4379%, epoch_time: 534.77
Epoch 105: test_acc: 81.6851%, epoch_time: 534.92
Epoch 106: test_acc: 81.3192%, epoch_time: 534.72
Epoch 107: test_acc: 81.2006%, epoch_time: 534.41
Epoch 108: test_acc: 81.9422%, epoch_time: 534.90
Epoch 109: test_acc: 81.4676%, epoch_time: 534.32
Epoch 110: test_acc: 80.9039%, epoch_time: 534.83
Epoch 111: test_acc: 81.9324%, epoch_time: 534.83
Epoch 112: test_acc: 81.9620%, epoch_time: 534.72
Epoch 113: test_acc: 81.8236%, epoch_time: 534.64
Epoch 114: test_acc: 82.8125%, epoch_time: 534.47
Epoch 115: test_acc: 82.4763%, epoch_time: 534.77
Epoch 116: test_acc: 80.7358%, epoch_time: 534.53
Epoch 117: test_acc: 81.1808%, epoch_time: 534.42
Epoch 118: test_acc: 81.7939%, epoch_time: 534.21
Epoch 119: test_acc: 82.0214%, epoch_time: 534.25
Epoch 120: test_acc: 82.5850%, epoch_time: 534.63
Epoch 121: test_acc: 82.3081%, epoch_time: 534.46
Epoch 122: test_acc: 82.5257%, epoch_time: 534.69
Epoch 123: test_acc: 80.8643%, epoch_time: 535.26
Epoch 124: test_acc: 82.7631%, epoch_time: 534.73
Epoch 125: test_acc: 80.8841%, epoch_time: 534.32
Epoch 126: test_acc: 81.0819%, epoch_time: 534.80
Epoch 127: test_acc: 82.5455%, epoch_time: 534.50
Epoch 128: test_acc: 82.8125%, epoch_time: 534.69
Epoch 129: test_acc: 83.0301%, epoch_time: 534.62
Epoch 130: test_acc: 81.8829%, epoch_time: 534.74
Epoch 131: test_acc: 82.5554%, epoch_time: 534.57
Epoch 132: test_acc: 80.6863%, epoch_time: 534.79
Epoch 133: test_acc: 82.4565%, epoch_time: 534.04
Epoch 134: test_acc: 82.6246%, epoch_time: 534.61
Epoch 135: test_acc: 82.3180%, epoch_time: 534.84
Epoch 136: test_acc: 82.3279%, epoch_time: 534.92
Epoch 137: test_acc: 81.6456%, epoch_time: 534.42
Epoch 138: test_acc: 82.5949%, epoch_time: 534.91
Epoch 139: test_acc: 82.5554%, epoch_time: 534.78
Epoch 140: test_acc: 82.1994%, epoch_time: 534.73
Epoch 141: test_acc: 83.0301%, epoch_time: 534.48
Epoch 142: test_acc: 83.4553%, epoch_time: 534.79
Epoch 143: test_acc: 82.7433%, epoch_time: 534.37
Epoch 144: test_acc: 82.5158%, epoch_time: 534.50
Epoch 145: test_acc: 82.8026%, epoch_time: 534.61
Epoch 146: test_acc: 82.8916%, epoch_time: 534.41
Epoch 147: test_acc: 81.6950%, epoch_time: 534.53
Epoch 148: test_acc: 83.4454%, epoch_time: 535.11
Epoch 149: test_acc: 83.0894%, epoch_time: 534.49
Epoch 150: test_acc: 82.8026%, epoch_time: 534.79
Epoch 151: test_acc: 82.4960%, epoch_time: 534.82
Epoch 152: test_acc: 83.2575%, epoch_time: 534.65
Epoch 153: test_acc: 82.7037%, epoch_time: 534.81
Epoch 154: test_acc: 83.5443%, epoch_time: 535.06
Epoch 155: test_acc: 82.1301%, epoch_time: 534.55
Epoch 156: test_acc: 82.4466%, epoch_time: 534.57
Epoch 157: test_acc: 82.9905%, epoch_time: 534.75
Epoch 158: test_acc: 83.6531%, epoch_time: 534.93
Epoch 159: test_acc: 83.1685%, epoch_time: 534.63
Epoch 160: test_acc: 82.6741%, epoch_time: 534.61
Epoch 161: test_acc: 81.6555%, epoch_time: 534.66
Epoch 162: test_acc: 82.9312%, epoch_time: 534.69
Epoch 163: test_acc: 83.5839%, epoch_time: 534.55
Epoch 164: test_acc: 82.9213%, epoch_time: 534.63
Epoch 165: test_acc: 82.6246%, epoch_time: 534.68
Epoch 166: test_acc: 82.8323%, epoch_time: 534.65
Epoch 167: test_acc: 83.1685%, epoch_time: 534.69
Epoch 168: test_acc: 83.3564%, epoch_time: 534.71
Epoch 169: test_acc: 83.5740%, epoch_time: 534.85
Epoch 170: test_acc: 82.8323%, epoch_time: 534.93
Epoch 171: test_acc: 82.8521%, epoch_time: 534.40
Epoch 172: test_acc: 82.8718%, epoch_time: 534.42
Epoch 173: test_acc: 83.8805%, epoch_time: 534.59
Epoch 174: test_acc: 83.4652%, epoch_time: 534.84
Epoch 175: test_acc: 83.3169%, epoch_time: 534.46
Epoch 176: test_acc: 82.9509%, epoch_time: 534.78
Epoch 177: test_acc: 83.0894%, epoch_time: 534.76
Epoch 178: test_acc: 82.4565%, epoch_time: 534.58
Epoch 179: test_acc: 83.1092%, epoch_time: 534.70
Epoch 180: test_acc: 83.8311%, epoch_time: 534.67
Epoch 181: test_acc: 83.3663%, epoch_time: 534.88
Epoch 182: test_acc: 83.5641%, epoch_time: 534.59
Epoch 183: test_acc: 82.7532%, epoch_time: 534.32
Epoch 184: test_acc: 83.5641%, epoch_time: 534.70
Epoch 185: test_acc: 82.6345%, epoch_time: 534.73
Epoch 186: test_acc: 83.3861%, epoch_time: 534.79
Epoch 187: test_acc: 81.8829%, epoch_time: 534.93
Epoch 188: test_acc: 83.4850%, epoch_time: 535.00
Epoch 189: test_acc: 82.9905%, epoch_time: 534.67
Epoch 190: test_acc: 83.5344%, epoch_time: 534.81
Epoch 191: test_acc: 83.5245%, epoch_time: 534.88
Epoch 192: test_acc: 83.7915%, epoch_time: 534.60
Epoch 193: test_acc: 83.5740%, epoch_time: 534.29
Epoch 194: test_acc: 83.6234%, epoch_time: 534.84
Epoch 195: test_acc: 83.8410%, epoch_time: 534.39
Epoch 196: test_acc: 84.0487%, epoch_time: 534.77
Epoch 197: test_acc: 82.6839%, epoch_time: 535.11
Epoch 198: test_acc: 82.8916%, epoch_time: 534.93
Epoch 199: test_acc: 83.0894%, epoch_time: 534.42
Application 70420069 resources: utime ~98395s, stime ~8544s, Rss ~1600256, inblocks ~1776586, outblocks ~10765575
