----------------------------------------
Begin Torque Prologue on nid25429
at Sat Oct 27 11:16:12 CDT 2018
Job Id:			9149707.bw
Username:		tra437
Group:			TRAIN_bauh
Job name:		Discriminator_only
Requested resources:	nodes=1:ppn=16:xk,walltime=05:00:00,neednodes=1:ppn=16:xk
Queue:			normal
Account:		bauh
End Torque Prologue:  0.126 elapsed
----------------------------------------




Files already downloaded and verified
Epoch 0: running_loss: 1.622174, train accuracy: 40.9655%
Epoch 0: test accuracy: 50.5340%
Epoch 1: running_loss: 1.218253, train accuracy: 56.7067%
Epoch 1: test accuracy: 58.9102%
Epoch 2: running_loss: 1.017995, train accuracy: 64.2488%
Epoch 2: test accuracy: 66.2184%
Epoch 3: running_loss: 0.883782, train accuracy: 69.1767%
Epoch 3: test accuracy: 67.2567%
Epoch 4: running_loss: 0.785781, train accuracy: 72.8766%
Epoch 4: test accuracy: 72.0332%
Epoch 5: running_loss: 0.700896, train accuracy: 75.9034%
Epoch 5: test accuracy: 73.2595%
Epoch 6: running_loss: 0.644043, train accuracy: 77.9988%
Epoch 6: test accuracy: 76.0087%
Epoch 7: running_loss: 0.604385, train accuracy: 79.1667%
Epoch 7: test accuracy: 75.9296%
Epoch 8: running_loss: 0.564748, train accuracy: 80.7632%
Epoch 8: test accuracy: 77.4921%
Epoch 9: running_loss: 0.524397, train accuracy: 82.1715%
Epoch 9: test accuracy: 78.8172%
Epoch 10: running_loss: 0.495869, train accuracy: 82.9627%
Epoch 10: test accuracy: 79.8754%
Epoch 11: running_loss: 0.471155, train accuracy: 83.9423%
Epoch 11: test accuracy: 79.3414%
Epoch 12: running_loss: 0.453043, train accuracy: 84.5893%
Epoch 12: test accuracy: 80.5775%
Epoch 13: running_loss: 0.430642, train accuracy: 85.1703%
Epoch 13: test accuracy: 79.7666%
Epoch 14: running_loss: 0.410963, train accuracy: 86.1038%
Epoch 14: test accuracy: 81.4082%
Epoch 15: running_loss: 0.393193, train accuracy: 86.5204%
Epoch 15: test accuracy: 81.1709%
Epoch 16: running_loss: 0.373580, train accuracy: 87.2436%
Epoch 16: test accuracy: 81.4181%
Epoch 17: running_loss: 0.357059, train accuracy: 87.9387%
Epoch 17: test accuracy: 82.5356%
Epoch 18: running_loss: 0.345459, train accuracy: 88.1350%
Epoch 18: test accuracy: 82.7631%
Epoch 19: running_loss: 0.339650, train accuracy: 88.4976%
Epoch 19: test accuracy: 82.9608%
Epoch 20: running_loss: 0.320268, train accuracy: 89.1767%
Epoch 20: test accuracy: 83.5047%
Epoch 21: running_loss: 0.305875, train accuracy: 89.6595%
Epoch 21: test accuracy: 83.7421%
Epoch 22: running_loss: 0.293281, train accuracy: 90.0901%
Epoch 22: test accuracy: 83.6531%
Epoch 23: running_loss: 0.276053, train accuracy: 90.7011%
Epoch 23: test accuracy: 83.7718%
Epoch 24: running_loss: 0.268097, train accuracy: 91.0537%
Epoch 24: test accuracy: 84.0487%
Epoch 25: running_loss: 0.260159, train accuracy: 91.3482%
Epoch 25: test accuracy: 84.0091%
Epoch 26: running_loss: 0.255972, train accuracy: 91.3081%
Epoch 26: test accuracy: 84.3157%
Epoch 27: running_loss: 0.239262, train accuracy: 92.0553%
Epoch 27: test accuracy: 82.8521%
Epoch 28: running_loss: 0.235791, train accuracy: 92.1134%
Epoch 28: test accuracy: 84.8991%
Epoch 29: running_loss: 0.224207, train accuracy: 92.5321%
Epoch 29: test accuracy: 84.7211%
Epoch 30: running_loss: 0.214033, train accuracy: 92.9547%
Epoch 30: test accuracy: 84.1475%
Epoch 31: running_loss: 0.203706, train accuracy: 93.2492%
Epoch 31: test accuracy: 84.4739%
Epoch 32: running_loss: 0.196298, train accuracy: 93.5617%
Epoch 32: test accuracy: 85.3738%
Epoch 33: running_loss: 0.195080, train accuracy: 93.4696%
Epoch 33: test accuracy: 85.5024%
Epoch 34: running_loss: 0.184658, train accuracy: 93.9263%
Epoch 34: test accuracy: 84.6123%
Epoch 35: running_loss: 0.179941, train accuracy: 94.0064%
Epoch 35: test accuracy: 85.1266%
Epoch 36: running_loss: 0.173273, train accuracy: 94.4091%
Epoch 36: test accuracy: 85.1167%
Epoch 37: running_loss: 0.167254, train accuracy: 94.5653%
Epoch 37: test accuracy: 85.1266%
Epoch 38: running_loss: 0.161900, train accuracy: 94.7376%
Epoch 38: test accuracy: 83.8904%
Epoch 39: running_loss: 0.157215, train accuracy: 94.9038%
Epoch 39: test accuracy: 84.9881%
Epoch 40: running_loss: 0.148940, train accuracy: 95.1903%
Epoch 40: test accuracy: 85.5518%
Epoch 41: running_loss: 0.146590, train accuracy: 95.2364%
Epoch 41: test accuracy: 85.9375%
Epoch 42: running_loss: 0.144460, train accuracy: 95.2524%
Epoch 42: test accuracy: 86.1155%
Epoch 43: running_loss: 0.140007, train accuracy: 95.4788%
Epoch 43: test accuracy: 85.7892%
Epoch 44: running_loss: 0.135239, train accuracy: 95.5769%
Epoch 44: test accuracy: 84.5728%
Epoch 45: running_loss: 0.129905, train accuracy: 95.7612%
Epoch 45: test accuracy: 85.4529%
Epoch 46: running_loss: 0.126578, train accuracy: 95.9175%
Epoch 46: test accuracy: 85.7892%
Epoch 47: running_loss: 0.121488, train accuracy: 96.1498%
Epoch 47: test accuracy: 86.1056%
Epoch 48: running_loss: 0.115836, train accuracy: 96.3141%
Epoch 48: test accuracy: 85.4430%
Epoch 49: running_loss: 0.113037, train accuracy: 96.4363%
Epoch 49: test accuracy: 85.5914%
Epoch 50: running_loss: 0.072276, train accuracy: 98.0088%
Epoch 50: test accuracy: 87.1440%
Epoch 51: running_loss: 0.058247, train accuracy: 98.5637%
Epoch 51: test accuracy: 87.3319%
Epoch 52: running_loss: 0.055890, train accuracy: 98.5917%
Epoch 52: test accuracy: 87.6187%
Epoch 53: running_loss: 0.051860, train accuracy: 98.7560%
Epoch 53: test accuracy: 87.5593%
Epoch 54: running_loss: 0.050752, train accuracy: 98.8021%
Epoch 54: test accuracy: 87.6286%
Epoch 55: running_loss: 0.048676, train accuracy: 98.8662%
Epoch 55: test accuracy: 87.4209%
Epoch 56: running_loss: 0.046542, train accuracy: 98.8502%
Epoch 56: test accuracy: 87.4604%
Epoch 57: running_loss: 0.045315, train accuracy: 98.9704%
Epoch 57: test accuracy: 87.6384%
Epoch 58: running_loss: 0.044470, train accuracy: 98.9784%
Epoch 58: test accuracy: 87.5099%
Epoch 59: running_loss: 0.043178, train accuracy: 98.9844%
Epoch 59: test accuracy: 87.5099%
Epoch 60: running_loss: 0.044754, train accuracy: 98.9062%
Epoch 60: test accuracy: 87.9450%
Epoch 61: running_loss: 0.041673, train accuracy: 99.0485%
Epoch 61: test accuracy: 87.5297%
Epoch 62: running_loss: 0.041170, train accuracy: 99.0865%
Epoch 62: test accuracy: 87.9055%
Epoch 63: running_loss: 0.041327, train accuracy: 99.0405%
Epoch 63: test accuracy: 87.6187%
Epoch 64: running_loss: 0.040124, train accuracy: 99.0765%
Epoch 64: test accuracy: 87.7373%
Epoch 65: running_loss: 0.038209, train accuracy: 99.1587%
Epoch 65: test accuracy: 87.7472%
Epoch 66: running_loss: 0.038226, train accuracy: 99.1827%
Epoch 66: test accuracy: 87.4407%
Epoch 67: running_loss: 0.037450, train accuracy: 99.1446%
Epoch 67: test accuracy: 87.5396%
Epoch 68: running_loss: 0.035271, train accuracy: 99.2388%
Epoch 68: test accuracy: 87.2528%
Epoch 69: running_loss: 0.037014, train accuracy: 99.1006%
Epoch 69: test accuracy: 87.5099%
Epoch 70: running_loss: 0.035101, train accuracy: 99.2608%
Epoch 70: test accuracy: 87.5396%
Epoch 71: running_loss: 0.034457, train accuracy: 99.3109%
Epoch 71: test accuracy: 87.7275%
Epoch 72: running_loss: 0.034601, train accuracy: 99.2248%
Epoch 72: test accuracy: 87.7571%
Epoch 73: running_loss: 0.033018, train accuracy: 99.2849%
Epoch 73: test accuracy: 87.7472%
Epoch 74: running_loss: 0.031874, train accuracy: 99.3510%
Epoch 74: test accuracy: 87.8857%
Epoch 75: running_loss: 0.029950, train accuracy: 99.3830%
Epoch 75: test accuracy: 87.7275%
Epoch 76: running_loss: 0.029012, train accuracy: 99.4251%
Epoch 76: test accuracy: 87.7670%
Epoch 77: running_loss: 0.029473, train accuracy: 99.3730%
Epoch 77: test accuracy: 87.7769%
Epoch 78: running_loss: 0.029813, train accuracy: 99.3670%
Epoch 78: test accuracy: 87.8560%
Epoch 79: running_loss: 0.030221, train accuracy: 99.3429%
Epoch 79: test accuracy: 87.8263%
Epoch 80: running_loss: 0.028132, train accuracy: 99.4291%
Epoch 80: test accuracy: 87.7670%
Epoch 81: running_loss: 0.027468, train accuracy: 99.4471%
Epoch 81: test accuracy: 87.8362%
Epoch 82: running_loss: 0.028917, train accuracy: 99.3550%
Epoch 82: test accuracy: 87.8758%
Epoch 83: running_loss: 0.028258, train accuracy: 99.4431%
Epoch 83: test accuracy: 87.9252%
Epoch 84: running_loss: 0.028264, train accuracy: 99.4251%
Epoch 84: test accuracy: 87.8461%
Epoch 85: running_loss: 0.028778, train accuracy: 99.4091%
Epoch 85: test accuracy: 87.9153%
Epoch 86: running_loss: 0.027551, train accuracy: 99.4692%
Epoch 86: test accuracy: 87.9055%
Epoch 87: running_loss: 0.026708, train accuracy: 99.4992%
Epoch 87: test accuracy: 87.9055%
Epoch 88: running_loss: 0.027725, train accuracy: 99.4331%
Epoch 88: test accuracy: 87.9747%
Epoch 89: running_loss: 0.027083, train accuracy: 99.4892%
Epoch 89: test accuracy: 87.9846%
Epoch 90: running_loss: 0.026642, train accuracy: 99.4752%
Epoch 90: test accuracy: 87.9549%
Epoch 91: running_loss: 0.027717, train accuracy: 99.4471%
Epoch 91: test accuracy: 87.8758%
Epoch 92: running_loss: 0.027949, train accuracy: 99.4391%
Epoch 92: test accuracy: 87.9153%
Epoch 93: running_loss: 0.028562, train accuracy: 99.4131%
Epoch 93: test accuracy: 87.8758%
Epoch 94: running_loss: 0.028017, train accuracy: 99.3910%
Epoch 94: test accuracy: 87.8857%
Epoch 95: running_loss: 0.027122, train accuracy: 99.4431%
Epoch 95: test accuracy: 87.9747%
Epoch 96: running_loss: 0.026623, train accuracy: 99.4551%
Epoch 96: test accuracy: 87.9153%
Epoch 97: running_loss: 0.026863, train accuracy: 99.4531%
Epoch 97: test accuracy: 88.0637%
Epoch 98: running_loss: 0.027183, train accuracy: 99.4251%
Epoch 98: test accuracy: 87.8758%
Epoch 99: running_loss: 0.026449, train accuracy: 99.4932%
Epoch 99: test accuracy: 87.9945%
Application 70420002 resources: utime ~8813s, stime ~920s, Rss ~1588800, inblocks ~1632301, outblocks ~127051
